This is pdfTeX, Version 3.1415926-1.40.11 (MiKTeX 2.9) (preloaded format=pdflatex 2010.11.26)  3 JAN 2011 11:05
entering extended mode
**Diplomarbeit.tex
(H:\workspace\Diplomarbeit\Diplomarbeit.tex
LaTeX2e <2009/09/24>
Babel <v3.8l> and hyphenation patterns for english, afrikaans, ancientgreek, ar
abic, armenian, assamese, basque, bengali, bokmal, bulgarian, catalan, coptic, 
croatian, czech, danish, dutch, esperanto, estonian, farsi, finnish, french, ga
lician, german, german-x-2009-06-19, greek, gujarati, hindi, hungarian, iceland
ic, indonesian, interlingua, irish, italian, kannada, kurmanji, lao, latin, lat
vian, lithuanian, malayalam, marathi, mongolian, mongolianlmc, monogreek, ngerm
an, ngerman-x-2009-06-19, nynorsk, oriya, panjabi, pinyin, polish, portuguese, 
romanian, russian, sanskrit, serbian, slovak, slovenian, spanish, swedish, swis
sgerman, tamil, telugu, turkish, turkmen, ukenglish, ukrainian, uppersorbian, u
senglishmax, welsh, loaded.
("H:\portable apps\miktex-portable\tex\latex\koma-script\scrreprt.cls"
Document Class: scrreprt 2010/09/17 v3.07 KOMA-Script document class (report)
("H:\portable apps\miktex-portable\tex\latex\koma-script\scrkbase.sty"
Package: scrkbase 2010/09/17 v3.07 KOMA-Script package (KOMA-Script-dependent b
asics and keyval usage)

("H:\portable apps\miktex-portable\tex\latex\koma-script\scrbase.sty"
Package: scrbase 2010/09/17 v3.07 KOMA-Script package (KOMA-Script-independent 
basics and keyval usage)

("H:\portable apps\miktex-portable\tex\latex\graphics\keyval.sty"
Package: keyval 1999/03/16 v1.13 key=value parser (DPC)
\KV@toks@=\toks14
)
("H:\portable apps\miktex-portable\tex\latex\koma-script\scrlfile.sty"
Package: scrlfile 2009/03/25 v3.03 KOMA-Script package (loading files)

Package scrlfile, 2009/03/25 v3.03 KOMA-Script package (loading files)
                  Copyright (C) Markus Kohm

))) ("H:\portable apps\miktex-portable\tex\latex\koma-script\tocbasic.sty"
Package: tocbasic 2010/09/14 v3.06a KOMA-Script package (handling toc-files)
)
Package tocbasic Info: omitting babel extension for `toc'
(tocbasic)             because of feature `nobabel' available
(tocbasic)             for `toc' on input line 117.
Package tocbasic Info: omitting babel extension for `lof'
(tocbasic)             because of feature `nobabel' available
(tocbasic)             for `lof' on input line 118.
Package tocbasic Info: omitting babel extension for `lot'
(tocbasic)             because of feature `nobabel' available
(tocbasic)             for `lot' on input line 119.
Package scrreprt Info: You've used obsolete option `12pt'.
(scrreprt)             \KOMAExecuteOptions{fontsize=12pt} will be
(scrreprt)             used instead.
(scrreprt)             You may simply replace `12pt'
(scrreprt)             by `fontsize=12pt'.
Class scrreprt Info: File `scrsize12pt.clo' used to setup font sizes on input l
ine 1310.

("H:\portable apps\miktex-portable\tex\latex\koma-script\scrsize12pt.clo"
File: scrsize12pt.clo 2010/09/17 v3.07 KOMA-Script font size class option (12pt
)
)
("H:\portable apps\miktex-portable\tex\latex\koma-script\typearea.sty"
Package: typearea 2010/09/17 v3.07 KOMA-Script package (type area)

Package typearea, 2010/09/17 v3.07 KOMA-Script package (type area)
                  Copyright (C) Frank Neukam, 1992-1994
                  Copyright (C) Markus Kohm, 1994-

\ta@bcor=\skip41
\ta@div=\count79
Package typearea Info: You've used standard option `pdftex'.
(typearea)             This is correct!
(typearea)             Internally I'm using `pagesize=pdftex'.
(typearea)             If you'd like to set the option with \KOMAoptions,
(typearea)             you'd have to use `pagesize=pdftex' there
(typearea)             instead of `pdftex', too.
Package typearea Info: You've used standard option `a4paper'.
(typearea)             This is correct!
(typearea)             Internally I'm using `paper=a4'.
(typearea)             If you'd like to set the option with \KOMAoptions,
(typearea)             you'd have to use `paper=a4' there
(typearea)             instead of `a4paper', too.
\ta@hblk=\skip42
\ta@vblk=\skip43
\ta@temp=\skip44
Package typearea Info: These are the values describing the layout:
(typearea)             DIV  = 12
(typearea)             BCOR = 0.0pt
(typearea)             \paperwidth      = 597.50793pt
(typearea)              \textwidth      = 448.13095pt
(typearea)              DIV departure   = -6%
(typearea)              \evensidemargin = 2.4185pt
(typearea)              \oddsidemargin  = 2.4185pt
(typearea)             \paperheight     = 845.04694pt
(typearea)              \textheight     = 635.5pt
(typearea)              \topmargin      = -41.72441pt
(typearea)              \headheight     = 18.125pt
(typearea)              \headsep        = 21.75pt
(typearea)              \topskip        = 12.0pt
(typearea)              \footskip       = 50.75pt
(typearea)              \baselineskip   = 14.5pt
(typearea)              on input line 1134.
)
\c@part=\count80
\c@chapter=\count81
\c@section=\count82
\c@subsection=\count83
\c@subsubsection=\count84
\c@paragraph=\count85
\c@subparagraph=\count86
\abovecaptionskip=\skip45
\belowcaptionskip=\skip46
\c@pti@nb@sid@b@x=\box26
\c@figure=\count87
\c@table=\count88
\bibindent=\dimen102
) ("H:\portable apps\miktex-portable\tex\latex\base\inputenc.sty"
Package: inputenc 2008/03/30 v1.1d Input encoding file
\inpenc@prehook=\toks15
\inpenc@posthook=\toks16

("H:\portable apps\miktex-portable\tex\latex\base\latin1.def"
File: latin1.def 2008/03/30 v1.1d Input encoding file
))
("H:\portable apps\miktex-portable\tex\latex\base\fontenc.sty"
Package: fontenc 2005/09/27 v1.99g Standard LaTeX package

("H:\portable apps\miktex-portable\tex\latex\base\t1enc.def"
File: t1enc.def 2005/09/27 v1.99g Standard LaTeX file
LaTeX Font Info:    Redeclaring font encoding T1 on input line 43.
))
("H:\portable apps\miktex-portable\tex\latex\ae\ae.sty"
Package: ae 2001/02/12 1.3 Almost European Computer Modern

("H:\portable apps\miktex-portable\tex\latex\base\fontenc.sty"
Package: fontenc 2005/09/27 v1.99g Standard LaTeX package

("H:\portable apps\miktex-portable\tex\latex\base\t1enc.def"
File: t1enc.def 2005/09/27 v1.99g Standard LaTeX file
LaTeX Font Info:    Redeclaring font encoding T1 on input line 43.
)
LaTeX Font Info:    Try loading font information for T1+aer on input line 100.

("H:\portable apps\miktex-portable\tex\latex\ae\t1aer.fd"
File: t1aer.fd 1997/11/16 Font definitions for T1/aer.
)))
("H:\portable apps\miktex-portable\tex\generic\babel\babel.sty"
Package: babel 2008/07/06 v3.8l The Babel package

*************************************
* Local config file bblopts.cfg used
*
("H:\portable apps\miktex-portable\tex\latex\00miktex\bblopts.cfg"
File: bblopts.cfg 2006/07/31 v1.0 MiKTeX 'babel' configuration
)
("H:\portable apps\miktex-portable\tex\generic\babel\ngermanb.ldf"
Language: ngermanb 2008/07/06 v2.6n new German support from the babel system

("H:\portable apps\miktex-portable\tex\generic\babel\babel.def"
File: babel.def 2008/07/06 v3.8l Babel common definitions
\babel@savecnt=\count89
\U@D=\dimen103
)
\l@naustrian = a dialect from \language\l@ngerman 
Package babel Info: Making " an active character on input line 92.
))
("H:\portable apps\miktex-portable\tex\latex\tools\varioref.sty"
Package: varioref 2009/09/13 v1.4w package for extended references (FMi)
\c@vrcnt=\count90
)
("H:\portable apps\miktex-portable\tex\latex\lm\lmodern.sty"
Package: lmodern 2009/10/30 v1.6 Latin Modern Fonts
LaTeX Font Info:    Overwriting symbol font `operators' in version `normal'
(Font)                  OT1/cmr/m/n --> OT1/lmr/m/n on input line 22.
LaTeX Font Info:    Overwriting symbol font `letters' in version `normal'
(Font)                  OML/cmm/m/it --> OML/lmm/m/it on input line 23.
LaTeX Font Info:    Overwriting symbol font `symbols' in version `normal'
(Font)                  OMS/cmsy/m/n --> OMS/lmsy/m/n on input line 24.
LaTeX Font Info:    Overwriting symbol font `largesymbols' in version `normal'
(Font)                  OMX/cmex/m/n --> OMX/lmex/m/n on input line 25.
LaTeX Font Info:    Overwriting symbol font `operators' in version `bold'
(Font)                  OT1/cmr/bx/n --> OT1/lmr/bx/n on input line 26.
LaTeX Font Info:    Overwriting symbol font `letters' in version `bold'
(Font)                  OML/cmm/b/it --> OML/lmm/b/it on input line 27.
LaTeX Font Info:    Overwriting symbol font `symbols' in version `bold'
(Font)                  OMS/cmsy/b/n --> OMS/lmsy/b/n on input line 28.
LaTeX Font Info:    Overwriting symbol font `largesymbols' in version `bold'
(Font)                  OMX/cmex/m/n --> OMX/lmex/m/n on input line 29.
LaTeX Font Info:    Overwriting math alphabet `\mathbf' in version `normal'
(Font)                  OT1/cmr/bx/n --> OT1/lmr/bx/n on input line 31.
LaTeX Font Info:    Overwriting math alphabet `\mathsf' in version `normal'
(Font)                  OT1/cmss/m/n --> OT1/lmss/m/n on input line 32.
LaTeX Font Info:    Overwriting math alphabet `\mathit' in version `normal'
(Font)                  OT1/cmr/m/it --> OT1/lmr/m/it on input line 33.
LaTeX Font Info:    Overwriting math alphabet `\mathtt' in version `normal'
(Font)                  OT1/cmtt/m/n --> OT1/lmtt/m/n on input line 34.
LaTeX Font Info:    Overwriting math alphabet `\mathbf' in version `bold'
(Font)                  OT1/cmr/bx/n --> OT1/lmr/bx/n on input line 35.
LaTeX Font Info:    Overwriting math alphabet `\mathsf' in version `bold'
(Font)                  OT1/cmss/bx/n --> OT1/lmss/bx/n on input line 36.
LaTeX Font Info:    Overwriting math alphabet `\mathit' in version `bold'
(Font)                  OT1/cmr/bx/it --> OT1/lmr/bx/it on input line 37.
LaTeX Font Info:    Overwriting math alphabet `\mathtt' in version `bold'
(Font)                  OT1/cmtt/m/n --> OT1/lmtt/m/n on input line 38.
)
("H:\portable apps\miktex-portable\tex\latex\setspace\setspace.sty"
Package: setspace 2000/12/01 6.7 Contributed and Supported LaTeX2e package

Package: `setspace' 6.7 <2000/12/01>
) ("H:\portable apps\miktex-portable\tex\latex\ams\math\amsmath.sty"
Package: amsmath 2000/07/18 v2.13 AMS math features
\@mathmargin=\skip47

For additional information on amsmath, use the `?' option.
("H:\portable apps\miktex-portable\tex\latex\ams\math\amstext.sty"
Package: amstext 2000/06/29 v2.01

("H:\portable apps\miktex-portable\tex\latex\ams\math\amsgen.sty"
File: amsgen.sty 1999/11/30 v2.0
\@emptytoks=\toks17
\ex@=\dimen104
))
("H:\portable apps\miktex-portable\tex\latex\ams\math\amsbsy.sty"
Package: amsbsy 1999/11/29 v1.2d
\pmbraise@=\dimen105
)
("H:\portable apps\miktex-portable\tex\latex\ams\math\amsopn.sty"
Package: amsopn 1999/12/14 v2.01 operator names
)
\inf@bad=\count91
LaTeX Info: Redefining \frac on input line 211.
\uproot@=\count92
\leftroot@=\count93
LaTeX Info: Redefining \overline on input line 307.
\classnum@=\count94
\DOTSCASE@=\count95
LaTeX Info: Redefining \ldots on input line 379.
LaTeX Info: Redefining \dots on input line 382.
LaTeX Info: Redefining \cdots on input line 467.
\Mathstrutbox@=\box27
\strutbox@=\box28
\big@size=\dimen106
LaTeX Font Info:    Redeclaring font encoding OML on input line 567.
LaTeX Font Info:    Redeclaring font encoding OMS on input line 568.
\macc@depth=\count96
\c@MaxMatrixCols=\count97
\dotsspace@=\muskip10
\c@parentequation=\count98
\dspbrk@lvl=\count99
\tag@help=\toks18
\row@=\count100
\column@=\count101
\maxfields@=\count102
\andhelp@=\toks19
\eqnshift@=\dimen107
\alignsep@=\dimen108
\tagshift@=\dimen109
\tagwidth@=\dimen110
\totwidth@=\dimen111
\lineht@=\dimen112
\@envbody=\toks20
\multlinegap=\skip48
\multlinetaggap=\skip49
\mathdisplay@stack=\toks21
LaTeX Info: Redefining \[ on input line 2666.
LaTeX Info: Redefining \] on input line 2667.
)
("H:\portable apps\miktex-portable\tex\latex\base\textcomp.sty"
Package: textcomp 2005/09/27 v1.99g Standard LaTeX package
Package textcomp Info: Sub-encoding information:
(textcomp)               5 = only ISO-Adobe without \textcurrency
(textcomp)               4 = 5 + \texteuro
(textcomp)               3 = 4 + \textohm
(textcomp)               2 = 3 + \textestimated + \textcurrency
(textcomp)               1 = TS1 - \textcircled - \t
(textcomp)               0 = TS1 (full)
(textcomp)             Font families with sub-encoding setting implement
(textcomp)             only a restricted character set as indicated.
(textcomp)             Family '?' is the default used for unknown fonts.
(textcomp)             See the documentation for details.
Package textcomp Info: Setting ? sub-encoding to TS1/1 on input line 71.

("H:\portable apps\miktex-portable\tex\latex\base\ts1enc.def"
File: ts1enc.def 2001/06/05 v3.0e (jk/car/fm) Standard LaTeX file
)
LaTeX Info: Redefining \oldstylenums on input line 266.
Package textcomp Info: Setting cmr sub-encoding to TS1/0 on input line 281.
Package textcomp Info: Setting cmss sub-encoding to TS1/0 on input line 282.
Package textcomp Info: Setting cmtt sub-encoding to TS1/0 on input line 283.
Package textcomp Info: Setting cmvtt sub-encoding to TS1/0 on input line 284.
Package textcomp Info: Setting cmbr sub-encoding to TS1/0 on input line 285.
Package textcomp Info: Setting cmtl sub-encoding to TS1/0 on input line 286.
Package textcomp Info: Setting ccr sub-encoding to TS1/0 on input line 287.
Package textcomp Info: Setting ptm sub-encoding to TS1/4 on input line 288.
Package textcomp Info: Setting pcr sub-encoding to TS1/4 on input line 289.
Package textcomp Info: Setting phv sub-encoding to TS1/4 on input line 290.
Package textcomp Info: Setting ppl sub-encoding to TS1/3 on input line 291.
Package textcomp Info: Setting pag sub-encoding to TS1/4 on input line 292.
Package textcomp Info: Setting pbk sub-encoding to TS1/4 on input line 293.
Package textcomp Info: Setting pnc sub-encoding to TS1/4 on input line 294.
Package textcomp Info: Setting pzc sub-encoding to TS1/4 on input line 295.
Package textcomp Info: Setting bch sub-encoding to TS1/4 on input line 296.
Package textcomp Info: Setting put sub-encoding to TS1/5 on input line 297.
Package textcomp Info: Setting uag sub-encoding to TS1/5 on input line 298.
Package textcomp Info: Setting ugq sub-encoding to TS1/5 on input line 299.
Package textcomp Info: Setting ul8 sub-encoding to TS1/4 on input line 300.
Package textcomp Info: Setting ul9 sub-encoding to TS1/4 on input line 301.
Package textcomp Info: Setting augie sub-encoding to TS1/5 on input line 302.
Package textcomp Info: Setting dayrom sub-encoding to TS1/3 on input line 303.
Package textcomp Info: Setting dayroms sub-encoding to TS1/3 on input line 304.

Package textcomp Info: Setting pxr sub-encoding to TS1/0 on input line 305.
Package textcomp Info: Setting pxss sub-encoding to TS1/0 on input line 306.
Package textcomp Info: Setting pxtt sub-encoding to TS1/0 on input line 307.
Package textcomp Info: Setting txr sub-encoding to TS1/0 on input line 308.
Package textcomp Info: Setting txss sub-encoding to TS1/0 on input line 309.
Package textcomp Info: Setting txtt sub-encoding to TS1/0 on input line 310.
Package textcomp Info: Setting futs sub-encoding to TS1/4 on input line 311.
Package textcomp Info: Setting futx sub-encoding to TS1/4 on input line 312.
Package textcomp Info: Setting futj sub-encoding to TS1/4 on input line 313.
Package textcomp Info: Setting hlh sub-encoding to TS1/3 on input line 314.
Package textcomp Info: Setting hls sub-encoding to TS1/3 on input line 315.
Package textcomp Info: Setting hlst sub-encoding to TS1/3 on input line 316.
Package textcomp Info: Setting hlct sub-encoding to TS1/5 on input line 317.
Package textcomp Info: Setting hlx sub-encoding to TS1/5 on input line 318.
Package textcomp Info: Setting hlce sub-encoding to TS1/5 on input line 319.
Package textcomp Info: Setting hlcn sub-encoding to TS1/5 on input line 320.
Package textcomp Info: Setting hlcw sub-encoding to TS1/5 on input line 321.
Package textcomp Info: Setting hlcf sub-encoding to TS1/5 on input line 322.
Package textcomp Info: Setting pplx sub-encoding to TS1/3 on input line 323.
Package textcomp Info: Setting pplj sub-encoding to TS1/3 on input line 324.
Package textcomp Info: Setting ptmx sub-encoding to TS1/4 on input line 325.
Package textcomp Info: Setting ptmj sub-encoding to TS1/4 on input line 326.
)
("H:\portable apps\miktex-portable\tex\latex\tools\array.sty"
Package: array 2008/09/09 v2.4c Tabular extension package (FMi)
\col@sep=\dimen113
\extrarowheight=\dimen114
\NC@list=\toks22
\extratabsurround=\skip50
\backup@length=\skip51
)
("H:\portable apps\miktex-portable\tex\latex\graphics\color.sty"
Package: color 2005/11/14 v1.0j Standard LaTeX Color (DPC)

("H:\portable apps\miktex-portable\tex\latex\00miktex\color.cfg"
File: color.cfg 2007/01/18 v1.5 color configuration of teTeX/TeXLive
)
Package color Info: Driver file: pdftex.def on input line 130.

("H:\portable apps\miktex-portable\tex\latex\pdftex-def\pdftex.def"
File: pdftex.def 2010/09/14 v0.05b Graphics/color for pdfTeX
\Gread@gobject=\count103
))
("H:\portable apps\miktex-portable\tex\latex\framed\framed.sty"
Package: framed 2007/10/04 v 0.95: framed or shaded text with page breaks
\fb@frw=\dimen115
\fb@frh=\dimen116
\FrameRule=\dimen117
\FrameSep=\dimen118
)
("H:\portable apps\miktex-portable\tex\latex\base\makeidx.sty"
Package: makeidx 2000/03/29 v1.0m Standard LaTeX package
)
("H:\portable apps\miktex-portable\tex\latex\wallpaper\wallpaper.sty"
Package: wallpaper 2005/01/18, v1.01 easy wallpaper formatting (MHFW)

("H:\portable apps\miktex-portable\tex\latex\base\ifthen.sty"
Package: ifthen 2001/05/26 v1.1c Standard LaTeX ifthen package (DPC)
)
("H:\portable apps\miktex-portable\tex\latex\tools\calc.sty"
Package: calc 2007/08/22 v4.3 Infix arithmetic (KKT,FJ)
\calc@Acount=\count104
\calc@Bcount=\count105
\calc@Adimen=\dimen119
\calc@Bdimen=\dimen120
\calc@Askip=\skip52
\calc@Bskip=\skip53
LaTeX Info: Redefining \setlength on input line 76.
LaTeX Info: Redefining \addtolength on input line 77.
\calc@Ccount=\count106
\calc@Cskip=\skip54
)
("H:\portable apps\miktex-portable\tex\latex\eso-pic\eso-pic.sty"
Package: eso-pic 2010/10/06 v2.0c eso-pic (RN)

("H:\portable apps\miktex-portable\tex\generic\oberdiek\atbegshi.sty"
Package: atbegshi 2010/03/25 v1.12 At begin shipout hook (HO)

("H:\portable apps\miktex-portable\tex\generic\oberdiek\infwarerr.sty"
Package: infwarerr 2010/04/08 v1.3 Providing info/warning/message (HO)
)
("H:\portable apps\miktex-portable\tex\generic\oberdiek\ltxcmds.sty"
Package: ltxcmds 2010/04/26 v1.7 LaTeX kernel commands for general use (HO)
)
("H:\portable apps\miktex-portable\tex\generic\oberdiek\ifpdf.sty"
Package: ifpdf 2010/01/28 v2.1 Provides the ifpdf switch (HO)
Package ifpdf Info: pdfTeX in pdf mode detected.
)))
("H:\portable apps\miktex-portable\tex\latex\graphics\graphicx.sty"
Package: graphicx 1999/02/16 v1.0f Enhanced LaTeX Graphics (DPC,SPQR)

("H:\portable apps\miktex-portable\tex\latex\graphics\graphics.sty"
Package: graphics 2009/02/05 v1.0o Standard LaTeX Graphics (DPC,SPQR)

("H:\portable apps\miktex-portable\tex\latex\graphics\trig.sty"
Package: trig 1999/03/16 v1.09 sin cos tan (DPC)
)
("H:\portable apps\miktex-portable\tex\latex\00miktex\graphics.cfg"
File: graphics.cfg 2007/01/18 v1.5 graphics configuration of teTeX/TeXLive
)
Package graphics Info: Driver file: pdftex.def on input line 91.
)
\Gin@req@height=\dimen121
\Gin@req@width=\dimen122
)
\wpXoffset=\skip55
\wpYoffset=\skip56
\tileXoffset=\skip57
\tileYoffset=\skip58
\tilewidth=\skip59
\tileheight=\skip60
\tileX=\skip61
\tileY=\skip62
)
("H:\portable apps\miktex-portable\tex\latex\ltxmisc\url.sty"
\Urlmuskip=\muskip11
Package: url 2006/04/12  ver 3.3  Verb mode for urls, etc.
)
("H:\portable apps\miktex-portable\tex\latex\pstricks\pstricks.sty"
Package: pstricks 2010/08/28 v0.46 LaTeX wrapper for `PSTricks' (RN,HV)

("H:\portable apps\miktex-portable\tex\generic\pstricks\pstricks.tex"
("H:\portable apps\miktex-portable\tex\generic\xkeyval\pst-xkey.tex"
File: pst-xkey.tex 2005/11/25 v1.6 PSTricks specialization of xkeyval (HA)

("H:\portable apps\miktex-portable\tex\latex\xkeyval\xkeyval.sty"
Package: xkeyval 2008/08/13 v2.6a package option processing (HA)

("H:\portable apps\miktex-portable\tex\generic\xkeyval\xkeyval.tex"
\XKV@toks=\toks23
\XKV@tempa@toks=\toks24
\XKV@depth=\count107
File: xkeyval.tex 2008/08/13 v2.6a key=value parser (HA)
)))
("H:\portable apps\miktex-portable\tex\generic\pstricks\pst-fp.tex"
`pst-fp' v0.05, 2010/01/17 (hv)
\pstFP@xs=\count108
\pstFP@xia=\count109
\pstFP@xib=\count110
\pstFP@xfa=\count111
\pstFP@xfb=\count112
\pstFP@rega=\count113
\pstFP@regb=\count114
\pstFP@regs=\count115
\pstFP@times=\count116
)
\psLoopIndex=\count117

`PSTricks' v2.12  <2010/09/16> (tvz)
\pst@dima=\dimen123
\pst@dimb=\dimen124
\pst@dimc=\dimen125
\pst@dimd=\dimen126
\pst@dimg=\dimen127
\pst@dimh=\dimen128
\pst@dimm=\dimen129
\pst@dimn=\dimen130
\pst@dimo=\dimen131
\pst@dimp=\dimen132
\pst@hbox=\box29
\pst@boxg=\box30
\pst@cnta=\count118
\pst@cntb=\count119
\pst@cntc=\count120
\pst@cntd=\count121
\pst@cntg=\count122
\pst@cnth=\count123
\pst@cntm=\count124
\pst@cntn=\count125
\pst@cnto=\count126
\pst@cntp=\count127
\@zero=\count128
\pst@toks=\toks25
("H:\portable apps\miktex-portable\tex\generic\pstricks\pstricks.con")
\psunit=\dimen133
\psxunit=\dimen134
\psyunit=\dimen135
\pslinewidth=\dimen136
\psk@startLW=\dimen137
\psk@endLW=\dimen138
\pst@customdefs=\toks26
\pslinearc=\dimen139
\pst@symbolStep=\dimen140
\pst@symbolWidth=\dimen141
\everypsbox=\toks27
\psframesep=\dimen142
\pslabelsep=\dimen143
\pst@shift=\dimen144
\theoverlaybox=\box31
)
File: pstricks.tex 2010/09/16 v2.12 `PSTricks' (tvz,hv)

("H:\portable apps\miktex-portable\tex\generic\pstricks\pst-fp.tex")
File: pst-fp.tex 2010/09/16 v2.12 `PST-fp' (hv)

("H:\portable apps\miktex-portable\tex\latex\xcolor\xcolor.sty"
Package: xcolor 2007/01/21 v2.11 LaTeX color extensions (UK)

("H:\portable apps\miktex-portable\tex\latex\00miktex\color.cfg"
File: color.cfg 2007/01/18 v1.5 color configuration of teTeX/TeXLive
)
Package xcolor Info: Driver file: pdftex.def on input line 225.
LaTeX Info: Redefining \color on input line 702.
Package xcolor Info: Model `cmy' substituted by `cmy0' on input line 1337.
Package xcolor Info: Model `hsb' substituted by `rgb' on input line 1341.
Package xcolor Info: Model `RGB' extended on input line 1353.
Package xcolor Info: Model `HTML' substituted by `rgb' on input line 1355.
Package xcolor Info: Model `Hsb' substituted by `hsb' on input line 1356.
Package xcolor Info: Model `tHsb' substituted by `hsb' on input line 1357.
Package xcolor Info: Model `HSB' substituted by `hsb' on input line 1358.
Package xcolor Info: Model `Gray' substituted by `gray' on input line 1359.
Package xcolor Info: Model `wave' substituted by `hsb' on input line 1360.
))
("H:\portable apps\miktex-portable\tex\latex\pst-node\pst-node.sty"
Package: pst-node 2010/04/22 package wrapper for pst-node.tex

("H:\portable apps\miktex-portable\tex\generic\pst-node\pst-node.tex"
 v1.13, 2010/06/06
\psrow=\count129
\pscol=\count130
\psmatrixcnt=\count131
\psrowsep=\skip63
\pscolsep=\skip64
\pst@args=\count132
\num@pts=\count133
\pst@argcnt=\count134
)
File: pst-node.tex 2010/06/06 1.13 `pst-node' (tvz)
)
("H:\portable apps\miktex-portable\tex\latex\pst-tree\pst-tree.sty"
Package: pst-tree 2009/01/25 package wrapper for pst-tree.tex

("H:\portable apps\miktex-portable\tex\generic\pst-tree\pst-tree.tex"
 v1.11, 2009/09/17(tvz,dg,hv)
\pstree@rootbox=\box32
\pstree@box=\box33
\psnodecnt=\count135
\pstreelevel=\count136
\pstreecnt=\count137
\pstree@cnt=\count138
\pstree@stop=\count139
)
File: pst-tree.tex 2009/09/17 1.11 `pst-tree' (tvz,hv)
)
("H:\portable apps\miktex-portable\tex\latex\floatflt\floatflt.sty"
Package: floatflt 1997/07/16 v. 1.31
\c@OptionTest=\count140
\figbox=\box34
\tabbox=\box35
\pagebox=\box36
\ffigcount=\count141
\ftabcount=\count142
\fftest=\count143
\hangcount=\count144
\nosuccesstryfig=\count145
\nosuccesstrytab=\count146
\figgutter=\dimen145
\tabgutter=\dimen146
\htdone=\dimen147
\pageht=\dimen148
\startpageht=\dimen149
\tabbredd=\dimen150
\floatfltwidth=\dimen151
\fltitemwidth=\dimen152
\outputpretest=\toks28
)
("H:\portable apps\miktex-portable\tex\latex\listings\listings.sty"
\lst@mode=\count147
\lst@gtempboxa=\box37
\lst@token=\toks29
\lst@length=\count148
\lst@currlwidth=\dimen153
\lst@column=\count149
\lst@pos=\count150
\lst@lostspace=\dimen154
\lst@width=\dimen155
\lst@newlines=\count151
\lst@lineno=\count152
\lst@maxwidth=\dimen156

("H:\portable apps\miktex-portable\tex\latex\listings\lstmisc.sty"
File: lstmisc.sty 2007/02/22 1.4 (Carsten Heinz)
\c@lstnumber=\count153
\lst@skipnumbers=\count154
\lst@framebox=\box38
)
("H:\portable apps\miktex-portable\tex\latex\listings\listings.cfg"
File: listings.cfg 2007/02/22 1.4 listings configuration
))
Package: listings 2007/02/22 1.4 (Carsten Heinz)

("H:\portable apps\miktex-portable\tex\latex\geometry\geometry.sty"
Package: geometry 2010/09/12 v5.6 Page Geometry

("H:\portable apps\miktex-portable\tex\generic\oberdiek\ifvtex.sty"
Package: ifvtex 2010/03/01 v1.5 Switches for detecting VTeX and its modes (HO)
Package ifvtex Info: VTeX not detected.
)
("H:\portable apps\miktex-portable\tex\generic\ifxetex\ifxetex.sty"
Package: ifxetex 2010/09/12 v0.6 Provides ifxetex conditional
)
\Gm@cnth=\count155
\Gm@cntv=\count156
\c@Gm@tempcnt=\count157
\Gm@bindingoffset=\dimen157
\Gm@wd@mp=\dimen158
\Gm@odd@mp=\dimen159
\Gm@even@mp=\dimen160
\Gm@layoutwidth=\dimen161
\Gm@layoutheight=\dimen162
\Gm@layouthoffset=\dimen163
\Gm@layoutvoffset=\dimen164
\Gm@dimlist=\toks30

("H:\portable apps\miktex-portable\tex\latex\geometry\geometry.cfg"))
("H:\portable apps\miktex-portable\tex\latex\pdfcprot\pdfcprot.sty"
Package: pdfcprot 2002/02/27 v1.5 character protruding using pdflatex (cs)
\c@CPROT@family=\count158
\c@CPROT@family@temp=\count159
\c@CPROT@series=\count160
\c@CPROT@series@temp=\count161
\c@CPROT@shape=\count162
\c@CPROT@shape@temp=\count163
\c@CPROT@size=\count164
\c@CPROT@size@temp=\count165
\c@CPROT@temp@chars=\count166
Package pdfcprot Info: \ifpdfoutput already defined.
(pdfcprot)             That may happen when using KOMA-Script together
(pdfcprot)             with ``pdfcprot.sty''. I have changed the definition
(pdfcprot)             from Markus' KOMA-Script, so if you experience errors
(pdfcprot)             try \let\ifpdfoutput\relax before loading ``pdfcprot.sty
''. on input line 747.
)
Package scrbase Info: \ifpdftex already defined.
(scrbase)             If \ifpdftex does not behave like
(scrbase)             it was described at the KOMA-Script manual, try to
(scrbase)             load `scrbase.sty' earlier or find out at which
(scrbase)             package or class \ifpdftex was defined before.

("H:\portable apps\miktex-portable\tex\latex\oberdiek\epstopdf.sty"
Package: epstopdf 2010/02/09 v2.5 Conversion with epstopdf on the fly (HO)

("H:\portable apps\miktex-portable\tex\latex\oberdiek\epstopdf-base.sty"
Package: epstopdf-base 2010/02/09 v2.5 Base part for package epstopdf

("H:\portable apps\miktex-portable\tex\latex\oberdiek\grfext.sty"
Package: grfext 2007/09/30 v1.0 Managing graphics extensions (HO)
)
("H:\portable apps\miktex-portable\tex\latex\oberdiek\kvoptions.sty"
Package: kvoptions 2010/02/22 v3.7 Keyval support for LaTeX options (HO)

("H:\portable apps\miktex-portable\tex\generic\oberdiek\kvsetkeys.sty"
Package: kvsetkeys 2010/03/01 v1.9 Key value parser (HO)

("H:\portable apps\miktex-portable\tex\generic\oberdiek\etexcmds.sty"
Package: etexcmds 2010/01/28 v1.3 Prefix for e-TeX command names (HO)
Package etexcmds Info: Could not find \expanded.
(etexcmds)             That can mean that you are not using pdfTeX 1.50 or
(etexcmds)             that some package has redefined \expanded.
(etexcmds)             In the latter case, load this package earlier.
)))
("H:\portable apps\miktex-portable\tex\generic\oberdiek\pdftexcmds.sty"
Package: pdftexcmds 2010/04/01 v0.9 Utility functions of pdfTeX for LuaTeX (HO)


("H:\portable apps\miktex-portable\tex\generic\oberdiek\ifluatex.sty"
Package: ifluatex 2010/03/01 v1.3 Provides the ifluatex switch (HO)
Package ifluatex Info: LuaTeX not detected.
)
Package pdftexcmds Info: LuaTeX not detected.
Package pdftexcmds Info: \pdf@primitive is available.
Package pdftexcmds Info: \pdf@ifprimitive is available.
)
Package grfext Info: Graphics extension search list:
(grfext)             [.png,.pdf,.jpg,.mps,.jpeg,.jbig2,.jb2,.PNG,.PDF,.JPG,.JPE
G,.JBIG2,.JB2,.eps]
(grfext)             \AppendGraphicsExtensions on input line 436.
))
("H:\portable apps\miktex-portable\tex\latex\hyperref\hyperref.sty"
Package: hyperref 2010/09/17 v6.81q Hypertext links for LaTeX

("H:\portable apps\miktex-portable\tex\generic\oberdiek\pdfescape.sty"
Package: pdfescape 2010/03/01 v1.9 Provides hex, PDF name and string conversion
s (HO)
)
("H:\portable apps\miktex-portable\tex\latex\oberdiek\hycolor.sty"
Package: hycolor 2009/12/12 v1.6 Color options of hyperref/bookmark (HO)

("H:\portable apps\miktex-portable\tex\latex\oberdiek\xcolor-patch.sty"
Package: xcolor-patch 2009/12/12 xcolor patch
))
("H:\portable apps\miktex-portable\tex\latex\oberdiek\letltxmacro.sty"
Package: letltxmacro 2008/06/24 v1.3 Let assignment for LaTeX macros (HO)
)
\@linkdim=\dimen165
\Hy@linkcounter=\count167
\Hy@pagecounter=\count168

("H:\portable apps\miktex-portable\tex\latex\hyperref\pd1enc.def"
File: pd1enc.def 2010/09/17 v6.81q Hyperref: PDFDocEncoding definition (HO)
)
("H:\portable apps\miktex-portable\tex\generic\oberdiek\intcalc.sty"
Package: intcalc 2007/09/27 v1.1 Expandable integer calculations (HO)
)
\Hy@SavedSpaceFactor=\count169

(H:\workspace\Diplomarbeit\hyperref.cfg)
Package hyperref Info: Hyper figures OFF on input line 3902.
Package hyperref Info: Link nesting OFF on input line 3907.
Package hyperref Info: Hyper index ON on input line 3910.
Package hyperref Info: Plain pages OFF on input line 3917.
Package hyperref Info: Backreferencing OFF on input line 3922.
Package hyperref Info: Implicit mode ON; LaTeX internals redefined.
Package hyperref Info: Bookmarks ON on input line 4132.
\c@Hy@tempcnt=\count170
LaTeX Info: Redefining \url on input line 4487.

("H:\portable apps\miktex-portable\tex\generic\oberdiek\bitset.sty"
Package: bitset 2007/09/28 v1.0 Data type bit set (HO)

("H:\portable apps\miktex-portable\tex\generic\oberdiek\bigintcalc.sty"
Package: bigintcalc 2007/11/11 v1.1 Expandable big integer calculations (HO)
))
\Fld@menulength=\count171
\Field@Width=\dimen166
\Fld@charsize=\dimen167
Package hyperref Info: Hyper figures OFF on input line 5526.
Package hyperref Info: Link nesting OFF on input line 5531.
Package hyperref Info: Hyper index ON on input line 5534.
Package hyperref Info: backreferencing OFF on input line 5541.
Package hyperref Info: Link coloring OFF on input line 5546.
Package hyperref Info: Link coloring with OCG OFF on input line 5551.
Package hyperref Info: PDF/A mode OFF on input line 5556.
LaTeX Info: Redefining \ref on input line 5596.
LaTeX Info: Redefining \pageref on input line 5600.
\Hy@abspage=\count172
\c@Item=\count173
\c@Hfootnote=\count174
)

Package hyperref Message: Driver: hpdftex.

("H:\portable apps\miktex-portable\tex\latex\hyperref\hpdftex.def"
File: hpdftex.def 2010/09/17 v6.81q Hyperref driver for pdfTeX

("H:\portable apps\miktex-portable\tex\latex\oberdiek\atveryend.sty"
Package: atveryend 2010/03/24 v1.5 Hooks at very end of document (HO)
Package atveryend Info: \enddocument detected (standard).
)
\Fld@listcount=\count175
\c@bookmark@seq@number=\count176

("H:\portable apps\miktex-portable\tex\latex\oberdiek\rerunfilecheck.sty"
Package: rerunfilecheck 2010/03/16 v1.6 Rerun checks for auxiliary files (HO)

("H:\portable apps\miktex-portable\tex\generic\oberdiek\uniquecounter.sty"
Package: uniquecounter 2009/12/18 v1.1 Provides unlimited unique counter (HO)
)
Package uniquecounter Info: New unique counter `rerunfilecheck' on input line 2
71.
)
\Hy@SectionHShift=\skip65
)
("H:\portable apps\miktex-portable\tex\latex\tools\longtable.sty"
Package: longtable 2004/02/01 v4.11 Multi-page Table package (DPC)
\LTleft=\skip66
\LTright=\skip67
\LTpre=\skip68
\LTpost=\skip69
\LTchunksize=\count177
\LTcapwidth=\dimen168
\LT@head=\box39
\LT@firsthead=\box40
\LT@foot=\box41
\LT@lastfoot=\box42
\LT@cols=\count178
\LT@rows=\count179
\c@LT@tables=\count180
\c@LT@chunks=\count181
\LT@p@ftn=\toks31
)
Class scrreprt Info: longtable captions redefined on input line 42.

("H:\portable apps\miktex-portable\tex\latex\fancyhdr\fancyhdr.sty"
\fancy@headwidth=\skip70
\f@ncyO@elh=\skip71
\f@ncyO@erh=\skip72
\f@ncyO@olh=\skip73
\f@ncyO@orh=\skip74
\f@ncyO@elf=\skip75
\f@ncyO@erf=\skip76
\f@ncyO@olf=\skip77
\f@ncyO@orf=\skip78
)
("H:\portable apps\miktex-portable\tex\latex\multirow\multirow.sty"
\bigstrutjot=\dimen169
)
("H:\portable apps\miktex-portable\tex\latex\listings\lstlang1.sty"
File: lstlang1.sty 2004/09/05 1.3 listings language file
)
\@input{settings.aux}
(H:\workspace\Diplomarbeit\settings.tex

Package hyperref Warning: Option `backref' has already been used,
(hyperref)                setting the option has no effect on input line 26.


Package hyperref Warning: Option `pagebackref' has already been used,
(hyperref)                setting the option has no effect on input line 26.


Package hyperref Warning: Option `hyperfigures' has already been used,
(hyperref)                setting the option has no effect on input line 26.


Package hyperref Warning: Option `hyperindex' has already been used,
(hyperref)                setting the option has no effect on input line 26.

Package hyperref Info: Option `colorlinks' set `true' on input line 26.
Package hyperref Info: Option `bookmarksopen' set `true' on input line 26.
Package hyperref Info: Option `bookmarksnumbered' set `true' on input line 26.
Package hyperref Info: Option `pageanchor' set `true' on input line 26.
Package hyperref Info: Option `plainpages' set `false' on input line 26.

Package hyperref Warning: Option `pagecolor' is not available anymore.

Package hyperref Info: Option `colorlinks' set `true' on input line 26.
\@indexfile=\write3
Writing index file Diplomarbeit.idx
) (H:\workspace\Diplomarbeit\Diplomarbeit.aux
(H:\workspace\Diplomarbeit\titelblatt.aux)
(H:\workspace\Diplomarbeit\vorwort.aux)
(H:\workspace\Diplomarbeit\abkuerzungsverzeichnis.aux)
(H:\workspace\Diplomarbeit\kapitel1.aux)
(H:\workspace\Diplomarbeit\kapitel2.aux)
(H:\workspace\Diplomarbeit\kapitel3.aux)
(H:\workspace\Diplomarbeit\kapitel4.aux)
(H:\workspace\Diplomarbeit\kapitel5.aux)
(H:\workspace\Diplomarbeit\kapitel6.aux)
(H:\workspace\Diplomarbeit\kapitel7.aux)
(H:\workspace\Diplomarbeit\kapitel8.aux)
(H:\workspace\Diplomarbeit\literatur.aux) (H:\workspace\Diplomarbeit\anhang.aux
) (H:\workspace\Diplomarbeit\erklaerung.aux))
LaTeX Font Info:    Checking defaults for OML/cmm/m/it on input line 89.
LaTeX Font Info:    ... okay on input line 89.
LaTeX Font Info:    Checking defaults for T1/cmr/m/n on input line 89.
LaTeX Font Info:    ... okay on input line 89.
LaTeX Font Info:    Checking defaults for OT1/cmr/m/n on input line 89.
LaTeX Font Info:    ... okay on input line 89.
LaTeX Font Info:    Checking defaults for OMS/cmsy/m/n on input line 89.
LaTeX Font Info:    ... okay on input line 89.
LaTeX Font Info:    Checking defaults for OMX/cmex/m/n on input line 89.
LaTeX Font Info:    ... okay on input line 89.
LaTeX Font Info:    Checking defaults for U/cmr/m/n on input line 89.
LaTeX Font Info:    ... okay on input line 89.
LaTeX Font Info:    Checking defaults for TS1/cmr/m/n on input line 89.
LaTeX Font Info:    Try loading font information for TS1+cmr on input line 89.

("H:\portable apps\miktex-portable\tex\latex\base\ts1cmr.fd"
File: ts1cmr.fd 1999/05/25 v2.5h Standard LaTeX font definitions
)
LaTeX Font Info:    ... okay on input line 89.
LaTeX Font Info:    Checking defaults for PD1/pdf/m/n on input line 89.
LaTeX Font Info:    ... okay on input line 89.
LaTeX Font Info:    Try loading font information for T1+lmr on input line 89.

("H:\portable apps\miktex-portable\tex\latex\lm\t1lmr.fd"
File: t1lmr.fd 2009/10/30 v1.6 Font defs for Latin Modern
)
("H:\portable apps\miktex-portable\tex\context\base\supp-pdf.mkii"
[Loading MPS to PDF converter (version 2006.09.02).]
\scratchcounter=\count182
\scratchdimen=\dimen170
\scratchbox=\box43
\nofMPsegments=\count183
\nofMParguments=\count184
\everyMPshowfont=\toks32
\MPscratchCnt=\count185
\MPscratchDim=\dimen171
\MPnumerator=\count186
\everyMPtoPDFconversion=\toks33
)
\AtBeginShipoutBox=\box44
\c@lstlisting=\count187

*geometry* detected driver: pdftex
*geometry* verbose mode - [ preamble ] result:
* driver: pdftex
* paper: a4paper
* layout: <same size as paper>
* layoutoffset:(h,v)=(0.0pt,0.0pt)
* modes: 
* h-part:(L,W,R)=(85.35826pt, 455.24411pt, 56.9055pt)
* v-part:(T,H,B)=(56.9055pt, 717.00946pt, 71.13188pt)
* \paperwidth=597.50787pt
* \paperheight=845.04684pt
* \textwidth=455.24411pt
* \textheight=717.00946pt
* \oddsidemargin=13.08827pt
* \evensidemargin=13.08827pt
* \topmargin=-55.23949pt
* \headheight=15.0pt
* \headsep=21.75pt
* \topskip=12.0pt
* \footskip=50.75pt
* \marginparwidth=49.79233pt
* \marginparsep=12.8401pt
* \columnsep=10.0pt
* \skip\footins=10.8pt plus 4.0pt minus 2.0pt
* \hoffset=0.0pt
* \voffset=0.0pt
* \mag=1000
* \@twocolumnfalse
* \@twosidefalse
* \@mparswitchfalse
* \@reversemarginfalse
* (1in=72.27pt=25.4mm, 1cm=28.453pt)

Package pdfcprot Info: I didn't find lmrbxnT1.cpa.
(pdfcprot)              As a fallback I will try pplmnT1.cpa. on input line 89.

("H:\portable apps\miktex-portable\tex\latex\pdfcprot\pplmnT1.cpa")
Package pdfcprot Info: File pplmnT1.cpa{} used for the adjustment
(pdfcprot)             of the char protruding. It seems that it isn't the one
(pdfcprot)             you intended to use. on input line 89.
LaTeX Font Info:    Try loading font information for TS1+lmr on input line 89.

("H:\portable apps\miktex-portable\tex\latex\lm\ts1lmr.fd"
File: ts1lmr.fd 2009/10/30 v1.6 Font defs for Latin Modern
)
Package pdfcprot Info: I didn't find lmrbxnTS1.cpa.
(pdfcprot)              As a fallback I will try pplmnTS1.cpa. on input line 89
.

("H:\portable apps\miktex-portable\tex\latex\pdfcprot\pplmnTS1.cpa")
Package pdfcprot Info: File pplmnTS1.cpa{} used for the adjustment
(pdfcprot)             of the char protruding. It seems that it isn't the one
(pdfcprot)             you intended to use. on input line 89.
Package pdfcprot Info: I didn't find lmrbxnT1.cpa.
(pdfcprot)              As a fallback I will try pplmnT1.cpa. on input line 89.

Package pdfcprot Info: File pplmnT1.cpa{} used for the adjustment
(pdfcprot)             of the char protruding. It seems that it isn't the one
(pdfcprot)             you intended to use. on input line 89.
Package pdfcprot Info: I didn't find lmrbxnTS1.cpa.
(pdfcprot)              As a fallback I will try pplmnTS1.cpa. on input line 89
.
Package pdfcprot Info: File pplmnTS1.cpa{} used for the adjustment
(pdfcprot)             of the char protruding. It seems that it isn't the one
(pdfcprot)             you intended to use. on input line 89.
Package pdfcprot Info: I didn't find lmrbxnT1.cpa.
(pdfcprot)              As a fallback I will try pplmnT1.cpa. on input line 89.

Package pdfcprot Info: File pplmnT1.cpa{} used for the adjustment
(pdfcprot)             of the char protruding. It seems that it isn't the one
(pdfcprot)             you intended to use. on input line 89.
Package pdfcprot Info: I didn't find lmrbxnTS1.cpa.
(pdfcprot)              As a fallback I will try pplmnTS1.cpa. on input line 89
.
Package pdfcprot Info: File pplmnTS1.cpa{} used for the adjustment
(pdfcprot)             of the char protruding. It seems that it isn't the one
(pdfcprot)             you intended to use. on input line 89.
Package pdfcprot Info: I didn't find lmrbxnT1.cpa.
(pdfcprot)              As a fallback I will try pplmnT1.cpa. on input line 89.

Package pdfcprot Info: File pplmnT1.cpa{} used for the adjustment
(pdfcprot)             of the char protruding. It seems that it isn't the one
(pdfcprot)             you intended to use. on input line 89.
Package pdfcprot Info: I didn't find lmrbxnTS1.cpa.
(pdfcprot)              As a fallback I will try pplmnTS1.cpa. on input line 89
.
Package pdfcprot Info: File pplmnTS1.cpa{} used for the adjustment
(pdfcprot)             of the char protruding. It seems that it isn't the one
(pdfcprot)             you intended to use. on input line 89.
LaTeX Font Info:    Try loading font information for T1+lmss on input line 89.

("H:\portable apps\miktex-portable\tex\latex\lm\t1lmss.fd"
File: t1lmss.fd 2009/10/30 v1.6 Font defs for Latin Modern
)
Package pdfcprot Info: I didn't find lmssbxnT1.cpa.
(pdfcprot)              As a fallback I will try pplmnT1.cpa. on input line 89.

Package pdfcprot Info: File pplmnT1.cpa{} used for the adjustment
(pdfcprot)             of the char protruding. It seems that it isn't the one
(pdfcprot)             you intended to use. on input line 89.
LaTeX Font Info:    Try loading font information for TS1+lmss on input line 89.


("H:\portable apps\miktex-portable\tex\latex\lm\ts1lmss.fd"
File: ts1lmss.fd 2009/10/30 v1.6 Font defs for Latin Modern
)
Package pdfcprot Info: I didn't find lmssbxnTS1.cpa.
(pdfcprot)              As a fallback I will try pplmnTS1.cpa. on input line 89
.
Package pdfcprot Info: File pplmnTS1.cpa{} used for the adjustment
(pdfcprot)             of the char protruding. It seems that it isn't the one
(pdfcprot)             you intended to use. on input line 89.
Package pdfcprot Info: I didn't find lmssbxnT1.cpa.
(pdfcprot)              As a fallback I will try pplmnT1.cpa. on input line 89.

Package pdfcprot Info: File pplmnT1.cpa{} used for the adjustment
(pdfcprot)             of the char protruding. It seems that it isn't the one
(pdfcprot)             you intended to use. on input line 89.
Package pdfcprot Info: I didn't find lmssbxnTS1.cpa.
(pdfcprot)              As a fallback I will try pplmnTS1.cpa. on input line 89
.
Package pdfcprot Info: File pplmnTS1.cpa{} used for the adjustment
(pdfcprot)             of the char protruding. It seems that it isn't the one
(pdfcprot)             you intended to use. on input line 89.
Package pdfcprot Info: I didn't find lmssbxnT1.cpa.
(pdfcprot)              As a fallback I will try pplmnT1.cpa. on input line 89.

Package pdfcprot Info: File pplmnT1.cpa{} used for the adjustment
(pdfcprot)             of the char protruding. It seems that it isn't the one
(pdfcprot)             you intended to use. on input line 89.
Package pdfcprot Info: I didn't find lmssbxnTS1.cpa.
(pdfcprot)              As a fallback I will try pplmnTS1.cpa. on input line 89
.
Package pdfcprot Info: File pplmnTS1.cpa{} used for the adjustment
(pdfcprot)             of the char protruding. It seems that it isn't the one
(pdfcprot)             you intended to use. on input line 89.
Package pdfcprot Info: I didn't find lmssbxnT1.cpa.
(pdfcprot)              As a fallback I will try pplmnT1.cpa. on input line 89.

Package pdfcprot Info: File pplmnT1.cpa{} used for the adjustment
(pdfcprot)             of the char protruding. It seems that it isn't the one
(pdfcprot)             you intended to use. on input line 89.
Package pdfcprot Info: I didn't find lmssbxnTS1.cpa.
(pdfcprot)              As a fallback I will try pplmnTS1.cpa. on input line 89
.
Package pdfcprot Info: File pplmnTS1.cpa{} used for the adjustment
(pdfcprot)             of the char protruding. It seems that it isn't the one
(pdfcprot)             you intended to use. on input line 89.
Package pdfcprot Info: I didn't find lmrmnT1.cpa.
(pdfcprot)              As a fallback I will try pplmnT1.cpa. on input line 89.

Package pdfcprot Info: File pplmnT1.cpa{} used for the adjustment
(pdfcprot)             of the char protruding. It seems that it isn't the one
(pdfcprot)             you intended to use. on input line 89.
Package pdfcprot Info: I didn't find lmrmnTS1.cpa.
(pdfcprot)              As a fallback I will try pplmnTS1.cpa. on input line 89
.
Package pdfcprot Info: File pplmnTS1.cpa{} used for the adjustment
(pdfcprot)             of the char protruding. It seems that it isn't the one
(pdfcprot)             you intended to use. on input line 89.
Package pdfcprot Info: I didn't find lmrmnT1.cpa.
(pdfcprot)              As a fallback I will try pplmnT1.cpa. on input line 89.

Package pdfcprot Info: File pplmnT1.cpa{} used for the adjustment
(pdfcprot)             of the char protruding. It seems that it isn't the one
(pdfcprot)             you intended to use. on input line 89.
Package pdfcprot Info: I didn't find lmrmnTS1.cpa.
(pdfcprot)              As a fallback I will try pplmnTS1.cpa. on input line 89
.
Package pdfcprot Info: File pplmnTS1.cpa{} used for the adjustment
(pdfcprot)             of the char protruding. It seems that it isn't the one
(pdfcprot)             you intended to use. on input line 89.
Package pdfcprot Info: I didn't find lmrmnT1.cpa.
(pdfcprot)              As a fallback I will try pplmnT1.cpa. on input line 89.

Package pdfcprot Info: File pplmnT1.cpa{} used for the adjustment
(pdfcprot)             of the char protruding. It seems that it isn't the one
(pdfcprot)             you intended to use. on input line 89.
Package pdfcprot Info: I didn't find lmrmnTS1.cpa.
(pdfcprot)              As a fallback I will try pplmnTS1.cpa. on input line 89
.
Package pdfcprot Info: File pplmnTS1.cpa{} used for the adjustment
(pdfcprot)             of the char protruding. It seems that it isn't the one
(pdfcprot)             you intended to use. on input line 89.
Package pdfcprot Info: I didn't find lmrmnT1.cpa.
(pdfcprot)              As a fallback I will try pplmnT1.cpa. on input line 89.

Package pdfcprot Info: File pplmnT1.cpa{} used for the adjustment
(pdfcprot)             of the char protruding. It seems that it isn't the one
(pdfcprot)             you intended to use. on input line 89.
Package pdfcprot Info: I didn't find lmrmnTS1.cpa.
(pdfcprot)              As a fallback I will try pplmnTS1.cpa. on input line 89
.
Package pdfcprot Info: File pplmnTS1.cpa{} used for the adjustment
(pdfcprot)             of the char protruding. It seems that it isn't the one
(pdfcprot)             you intended to use. on input line 89.
Package pdfcprot Info: I didn't find lmrmitT1.cpa.
(pdfcprot)              As a fallback I will try pplmnT1.cpa. on input line 89.

Package pdfcprot Info: File pplmnT1.cpa{} used for the adjustment
(pdfcprot)             of the char protruding. It seems that it isn't the one
(pdfcprot)             you intended to use. on input line 89.
Package pdfcprot Info: I didn't find lmrmitTS1.cpa.
(pdfcprot)              As a fallback I will try pplmnTS1.cpa. on input line 89
.
Package pdfcprot Info: File pplmnTS1.cpa{} used for the adjustment
(pdfcprot)             of the char protruding. It seems that it isn't the one
(pdfcprot)             you intended to use. on input line 89.
Package pdfcprot Info: I didn't find lmrmitT1.cpa.
(pdfcprot)              As a fallback I will try pplmnT1.cpa. on input line 89.

Package pdfcprot Info: File pplmnT1.cpa{} used for the adjustment
(pdfcprot)             of the char protruding. It seems that it isn't the one
(pdfcprot)             you intended to use. on input line 89.
Package pdfcprot Info: I didn't find lmrmitTS1.cpa.
(pdfcprot)              As a fallback I will try pplmnTS1.cpa. on input line 89
.
Package pdfcprot Info: File pplmnTS1.cpa{} used for the adjustment
(pdfcprot)             of the char protruding. It seems that it isn't the one
(pdfcprot)             you intended to use. on input line 89.
Package pdfcprot Info: I didn't find lmrmitT1.cpa.
(pdfcprot)              As a fallback I will try pplmnT1.cpa. on input line 89.

Package pdfcprot Info: File pplmnT1.cpa{} used for the adjustment
(pdfcprot)             of the char protruding. It seems that it isn't the one
(pdfcprot)             you intended to use. on input line 89.
Package pdfcprot Info: I didn't find lmrmitTS1.cpa.
(pdfcprot)              As a fallback I will try pplmnTS1.cpa. on input line 89
.
Package pdfcprot Info: File pplmnTS1.cpa{} used for the adjustment
(pdfcprot)             of the char protruding. It seems that it isn't the one
(pdfcprot)             you intended to use. on input line 89.
Package pdfcprot Info: I didn't find lmrmitT1.cpa.
(pdfcprot)              As a fallback I will try pplmnT1.cpa. on input line 89.

Package pdfcprot Info: File pplmnT1.cpa{} used for the adjustment
(pdfcprot)             of the char protruding. It seems that it isn't the one
(pdfcprot)             you intended to use. on input line 89.
Package pdfcprot Info: I didn't find lmrmitTS1.cpa.
(pdfcprot)              As a fallback I will try pplmnTS1.cpa. on input line 89
.
Package pdfcprot Info: File pplmnTS1.cpa{} used for the adjustment
(pdfcprot)             of the char protruding. It seems that it isn't the one
(pdfcprot)             you intended to use. on input line 89.
Package pdfcprot Info: I didn't find lmssmnT1.cpa.
(pdfcprot)              As a fallback I will try pplmnT1.cpa. on input line 89.

Package pdfcprot Info: File pplmnT1.cpa{} used for the adjustment
(pdfcprot)             of the char protruding. It seems that it isn't the one
(pdfcprot)             you intended to use. on input line 89.
Package pdfcprot Info: I didn't find lmssmnTS1.cpa.
(pdfcprot)              As a fallback I will try pplmnTS1.cpa. on input line 89
.
Package pdfcprot Info: File pplmnTS1.cpa{} used for the adjustment
(pdfcprot)             of the char protruding. It seems that it isn't the one
(pdfcprot)             you intended to use. on input line 89.
Package pdfcprot Info: I didn't find lmssmnT1.cpa.
(pdfcprot)              As a fallback I will try pplmnT1.cpa. on input line 89.

Package pdfcprot Info: File pplmnT1.cpa{} used for the adjustment
(pdfcprot)             of the char protruding. It seems that it isn't the one
(pdfcprot)             you intended to use. on input line 89.
Package pdfcprot Info: I didn't find lmssmnTS1.cpa.
(pdfcprot)              As a fallback I will try pplmnTS1.cpa. on input line 89
.
Package pdfcprot Info: File pplmnTS1.cpa{} used for the adjustment
(pdfcprot)             of the char protruding. It seems that it isn't the one
(pdfcprot)             you intended to use. on input line 89.
Package pdfcprot Info: I didn't find lmssmnT1.cpa.
(pdfcprot)              As a fallback I will try pplmnT1.cpa. on input line 89.

Package pdfcprot Info: File pplmnT1.cpa{} used for the adjustment
(pdfcprot)             of the char protruding. It seems that it isn't the one
(pdfcprot)             you intended to use. on input line 89.
Package pdfcprot Info: I didn't find lmssmnTS1.cpa.
(pdfcprot)              As a fallback I will try pplmnTS1.cpa. on input line 89
.
Package pdfcprot Info: File pplmnTS1.cpa{} used for the adjustment
(pdfcprot)             of the char protruding. It seems that it isn't the one
(pdfcprot)             you intended to use. on input line 89.
Package pdfcprot Info: I didn't find lmssmnT1.cpa.
(pdfcprot)              As a fallback I will try pplmnT1.cpa. on input line 89.

Package pdfcprot Info: File pplmnT1.cpa{} used for the adjustment
(pdfcprot)             of the char protruding. It seems that it isn't the one
(pdfcprot)             you intended to use. on input line 89.
Package pdfcprot Info: I didn't find lmssmnTS1.cpa.
(pdfcprot)              As a fallback I will try pplmnTS1.cpa. on input line 89
.
Package pdfcprot Info: File pplmnTS1.cpa{} used for the adjustment
(pdfcprot)             of the char protruding. It seems that it isn't the one
(pdfcprot)             you intended to use. on input line 89.
LaTeX Font Info:    Font shape `T1/lmss/m/it' in size <10> not available
(Font)              Font shape `T1/lmss/m/sl' tried instead on input line 89.
LaTeX Font Info:    Font shape `T1/lmss/m/it' in size <14.4> not available
(Font)              Font shape `T1/lmss/m/sl' tried instead on input line 89.
Package pdfcprot Info: I didn't find lmssmitT1.cpa.
(pdfcprot)              As a fallback I will try pplmnT1.cpa. on input line 89.

Package pdfcprot Info: File pplmnT1.cpa{} used for the adjustment
(pdfcprot)             of the char protruding. It seems that it isn't the one
(pdfcprot)             you intended to use. on input line 89.
LaTeX Font Info:    Font shape `TS1/lmss/m/it' in size <14.4> not available
(Font)              Font shape `TS1/lmss/m/sl' tried instead on input line 89.
Package pdfcprot Info: I didn't find lmssmitTS1.cpa.
(pdfcprot)              As a fallback I will try pplmnTS1.cpa. on input line 89
.
Package pdfcprot Info: File pplmnTS1.cpa{} used for the adjustment
(pdfcprot)             of the char protruding. It seems that it isn't the one
(pdfcprot)             you intended to use. on input line 89.
LaTeX Font Info:    Font shape `T1/lmss/m/it' in size <12> not available
(Font)              Font shape `T1/lmss/m/sl' tried instead on input line 89.
Package pdfcprot Info: I didn't find lmssmitT1.cpa.
(pdfcprot)              As a fallback I will try pplmnT1.cpa. on input line 89.

Package pdfcprot Info: File pplmnT1.cpa{} used for the adjustment
(pdfcprot)             of the char protruding. It seems that it isn't the one
(pdfcprot)             you intended to use. on input line 89.
LaTeX Font Info:    Font shape `TS1/lmss/m/it' in size <12> not available
(Font)              Font shape `TS1/lmss/m/sl' tried instead on input line 89.
Package pdfcprot Info: I didn't find lmssmitTS1.cpa.
(pdfcprot)              As a fallback I will try pplmnTS1.cpa. on input line 89
.
Package pdfcprot Info: File pplmnTS1.cpa{} used for the adjustment
(pdfcprot)             of the char protruding. It seems that it isn't the one
(pdfcprot)             you intended to use. on input line 89.
LaTeX Font Info:    Font shape `T1/lmss/m/it' in size <10.95> not available
(Font)              Font shape `T1/lmss/m/sl' tried instead on input line 89.
Package pdfcprot Info: I didn't find lmssmitT1.cpa.
(pdfcprot)              As a fallback I will try pplmnT1.cpa. on input line 89.

Package pdfcprot Info: File pplmnT1.cpa{} used for the adjustment
(pdfcprot)             of the char protruding. It seems that it isn't the one
(pdfcprot)             you intended to use. on input line 89.
LaTeX Font Info:    Font shape `TS1/lmss/m/it' in size <10.95> not available
(Font)              Font shape `TS1/lmss/m/sl' tried instead on input line 89.
Package pdfcprot Info: I didn't find lmssmitTS1.cpa.
(pdfcprot)              As a fallback I will try pplmnTS1.cpa. on input line 89
.
Package pdfcprot Info: File pplmnTS1.cpa{} used for the adjustment
(pdfcprot)             of the char protruding. It seems that it isn't the one
(pdfcprot)             you intended to use. on input line 89.
Package pdfcprot Info: I didn't find lmssmitT1.cpa.
(pdfcprot)              As a fallback I will try pplmnT1.cpa. on input line 89.

Package pdfcprot Info: File pplmnT1.cpa{} used for the adjustment
(pdfcprot)             of the char protruding. It seems that it isn't the one
(pdfcprot)             you intended to use. on input line 89.
LaTeX Font Info:    Font shape `TS1/lmss/m/it' in size <10> not available
(Font)              Font shape `TS1/lmss/m/sl' tried instead on input line 89.
Package pdfcprot Info: I didn't find lmssmitTS1.cpa.
(pdfcprot)              As a fallback I will try pplmnTS1.cpa. on input line 89
.
Package pdfcprot Info: File pplmnTS1.cpa{} used for the adjustment
(pdfcprot)             of the char protruding. It seems that it isn't the one
(pdfcprot)             you intended to use. on input line 89.
Package pdfcprot Info: I didn't find lmssmslT1.cpa.
(pdfcprot)              As a fallback I will try pplmnT1.cpa. on input line 89.

Package pdfcprot Info: File pplmnT1.cpa{} used for the adjustment
(pdfcprot)             of the char protruding. It seems that it isn't the one
(pdfcprot)             you intended to use. on input line 89.
Package pdfcprot Info: I didn't find lmssmslTS1.cpa.
(pdfcprot)              As a fallback I will try pplmnTS1.cpa. on input line 89
.
Package pdfcprot Info: File pplmnTS1.cpa{} used for the adjustment
(pdfcprot)             of the char protruding. It seems that it isn't the one
(pdfcprot)             you intended to use. on input line 89.
Package pdfcprot Info: I didn't find lmssmslT1.cpa.
(pdfcprot)              As a fallback I will try pplmnT1.cpa. on input line 89.

Package pdfcprot Info: File pplmnT1.cpa{} used for the adjustment
(pdfcprot)             of the char protruding. It seems that it isn't the one
(pdfcprot)             you intended to use. on input line 89.
Package pdfcprot Info: I didn't find lmssmslTS1.cpa.
(pdfcprot)              As a fallback I will try pplmnTS1.cpa. on input line 89
.
Package pdfcprot Info: File pplmnTS1.cpa{} used for the adjustment
(pdfcprot)             of the char protruding. It seems that it isn't the one
(pdfcprot)             you intended to use. on input line 89.
Package pdfcprot Info: I didn't find lmssmslT1.cpa.
(pdfcprot)              As a fallback I will try pplmnT1.cpa. on input line 89.

Package pdfcprot Info: File pplmnT1.cpa{} used for the adjustment
(pdfcprot)             of the char protruding. It seems that it isn't the one
(pdfcprot)             you intended to use. on input line 89.
Package pdfcprot Info: I didn't find lmssmslTS1.cpa.
(pdfcprot)              As a fallback I will try pplmnTS1.cpa. on input line 89
.
Package pdfcprot Info: File pplmnTS1.cpa{} used for the adjustment
(pdfcprot)             of the char protruding. It seems that it isn't the one
(pdfcprot)             you intended to use. on input line 89.
Package pdfcprot Info: I didn't find lmssmslT1.cpa.
(pdfcprot)              As a fallback I will try pplmnT1.cpa. on input line 89.

Package pdfcprot Info: File pplmnT1.cpa{} used for the adjustment
(pdfcprot)             of the char protruding. It seems that it isn't the one
(pdfcprot)             you intended to use. on input line 89.
Package pdfcprot Info: I didn't find lmssmslTS1.cpa.
(pdfcprot)              As a fallback I will try pplmnTS1.cpa. on input line 89
.
Package pdfcprot Info: File pplmnTS1.cpa{} used for the adjustment
(pdfcprot)             of the char protruding. It seems that it isn't the one
(pdfcprot)             you intended to use. on input line 89.
Package hyperref Info: Link coloring ON on input line 89.

("H:\portable apps\miktex-portable\tex\latex\hyperref\nameref.sty"
Package: nameref 2010/04/30 v2.40 Cross-referencing by name of section

("H:\portable apps\miktex-portable\tex\latex\oberdiek\refcount.sty"
Package: refcount 2008/08/11 v3.1 Data extraction from references (HO)
)
("H:\portable apps\miktex-portable\tex\generic\oberdiek\gettitlestring.sty"
Package: gettitlestring 2009/12/18 v1.3 Cleanup title references (HO)
)
\c@section@level=\count188
LaTeX Info: Redefining \Ref on input line 498.
)
LaTeX Info: Redefining \ref on input line 89.
LaTeX Info: Redefining \pageref on input line 89.
LaTeX Info: Redefining \nameref on input line 89.

(H:\workspace\Diplomarbeit\Diplomarbeit.out)
(H:\workspace\Diplomarbeit\Diplomarbeit.out)
\@outlinefile=\write4
LaTeX Info: Redefining \Ref on input line 89.


Package scrbase Warning: \ifpdftex was redefined
(scrbase)                at the document preamble.
(scrbase)                If you did not redefine it by yourself, have a
(scrbase)                a look at the description of this command at
(scrbase)                the manual of every package you are using.

[1
Non-PDF special ignored!
Non-PDF special ignored!
Non-PDF special ignored!
Non-PDF special ignored!


Non-PDF special ignored!
Non-PDF special ignored!
Non-PDF special ignored!


] (H:\workspace\Diplomarbeit\titelblatt.tex
Package epstopdf Info: Source file: <images/fh_logo_schmal.eps>
(epstopdf)                    date: 2009-11-23 11:33:00
(epstopdf)                    size: 402791 bytes
(epstopdf)             Output file: <images/fh_logo_schmal-eps-converted-to.pdf
>
(epstopdf)                    date: 2010-12-14 11:58:20
(epstopdf)                    size: 11894 bytes
(epstopdf)             Command: <epstopdf --outfile=images/fh_logo_schmal-eps-c
onverted-to.pdf images/fh_logo_schmal.eps>
(epstopdf)             \includegraphics on input line 4.
Package epstopdf Info: Output file is already uptodate.

<images/fh_logo_schmal-eps-converted-to.pdf, id=172, 525.965pt x 63.23625pt>
File: images/fh_logo_schmal-eps-converted-to.pdf Graphic file (type pdf)

<use images/fh_logo_schmal-eps-converted-to.pdf>
LaTeX Font Info:    Try loading font information for OT1+lmr on input line 35.

("H:\portable apps\miktex-portable\tex\latex\lm\ot1lmr.fd"
File: ot1lmr.fd 2009/10/30 v1.6 Font defs for Latin Modern
)
LaTeX Font Info:    Try loading font information for OML+lmm on input line 35.

("H:\portable apps\miktex-portable\tex\latex\lm\omllmm.fd"
File: omllmm.fd 2009/10/30 v1.6 Font defs for Latin Modern
)
LaTeX Font Info:    Try loading font information for OMS+lmsy on input line 35.


("H:\portable apps\miktex-portable\tex\latex\lm\omslmsy.fd"
File: omslmsy.fd 2009/10/30 v1.6 Font defs for Latin Modern
)
LaTeX Font Info:    Try loading font information for OMX+lmex on input line 35.


("H:\portable apps\miktex-portable\tex\latex\lm\omxlmex.fd"
File: omxlmex.fd 2009/10/30 v1.6 Font defs for Latin Modern
)
LaTeX Font Info:    External font `lmex10' loaded for size
(Font)              <17.28> on input line 35.
LaTeX Font Info:    External font `lmex10' loaded for size
(Font)              <12> on input line 35.
LaTeX Font Info:    External font `lmex10' loaded for size
(Font)              <10> on input line 35.
 [2



{H:/portable apps/miktex-portable/pdftex/config/pdftex.map} <H:/workspace/Diplo
marbeit/images/fh_logo_schmal-eps-converted-to.pdf>]) (H:\workspace\Diplomarbei
t\vorwort.tex
[3




]
Underfull \hbox (badness 10000) in paragraph at lines 33--36

 []


Underfull \hbox (badness 10000) in paragraph at lines 39--43

 []


Underfull \hbox (badness 10000) in paragraph at lines 44--49

 []

) [4


] (H:\workspace\Diplomarbeit\Diplomarbeit.toc
LaTeX Font Info:    External font `lmex10' loaded for size
(Font)              <8> on input line 3.
LaTeX Font Info:    External font `lmex10' loaded for size
(Font)              <6> on input line 3.
 [5


])
\tf@toc=\write5
 [6]
(H:\workspace\Diplomarbeit\Diplomarbeit.lof)
\tf@lof=\write6
 [7

]
(H:\workspace\Diplomarbeit\Diplomarbeit.lot)
\tf@lot=\write7
 [8

]
(H:\workspace\Diplomarbeit\abkuerzungsverzeichnis.tex
Underfull \hbox (badness 10000) in paragraph at lines 5--38

 []

[9


]) [10] (H:\workspace\Diplomarbeit\kapitel1.tex
Kapitel 1.

Class scrreprt Warning: \float@addtolists detected!
(scrreprt)              You should use the features of package `tocbasic'
(scrreprt)              instead of \float@addtolists.
(scrreprt)              Support for \float@addtolists may be removed from
(scrreprt)              `scrreprt' soon .

[11



]) [12] (H:\workspace\Diplomarbeit\kapitel2.tex
Kapitel 2.
[13



] <images/handy1.jpg, id=298, 501.875pt x 376.40625pt>
File: images/handy1.jpg Graphic file (type jpg)

<use images/handy1.jpg> <images/handy2.jpg, id=299, 608.2725pt x 410.53375pt>
File: images/handy2.jpg Graphic file (type jpg)

<use images/handy2.jpg> <images/handy3.jpg, id=301, 220.825pt x 160.6pt>
File: images/handy3.jpg Graphic file (type jpg)

<use images/handy3.jpg> [14 <H:/workspace/Diplomarbeit/images/handy1.jpg> <H:/w
orkspace/Diplomarbeit/images/handy2.jpg> <H:/workspace/Diplomarbeit/images/hand
y3.jpg>] [15] [16] [17]) [18] (H:\workspace\Diplomarbeit\kapitel3.tex
Kapitel 3.
[19



]
LaTeX Font Info:    External font `lmex10' loaded for size
(Font)              <7> on input line 75.
LaTeX Font Info:    External font `lmex10' loaded for size
(Font)              <5> on input line 75.
 [20]) [21] (H:\workspace\Diplomarbeit\kapitel4.tex
Kapitel 4.
[22



]) [23] (H:\workspace\Diplomarbeit\kapitel5.tex
Kapitel 5.
[24



] [25] [26] [27] [28]
<images/microsoft_security_trends.jpg, id=392, 704.6325pt x 421.575pt>
File: images/microsoft_security_trends.jpg Graphic file (type jpg)

<use images/microsoft_security_trends.jpg> [29 <H:/workspace/Diplomarbeit/image
s/microsoft_security_trends.jpg>]) [30] [31]
(H:\workspace\Diplomarbeit\kapitel6.tex
Kapitel 6.
<images/MA_smartphones.jpg, id=409, 120.45pt x 72.27pt>
File: images/MA_smartphones.jpg Graphic file (type jpg)

<use images/MA_smartphones.jpg> [32



 <H:/workspace/Diplomarbeit/images/MA_smartphones.jpg>]
LaTeX Font Info:    Try loading font information for T1+lmtt on input line 52.
 ("H:\portable apps\miktex-portable\tex\latex\lm\t1lmtt.fd"
File: t1lmtt.fd 2009/10/30 v1.6 Font defs for Latin Modern
)
[33] [34] [35]
<images/android_systemarchitektur.jpg, id=437, 536.75531pt x 385.44pt>
File: images/android_systemarchitektur.jpg Graphic file (type jpg)

<use images/android_systemarchitektur.jpg> [36 <H:/workspace/Diplomarbeit/image
s/android_systemarchitektur.jpg>] [37] [38] [39] [40] [41] [42]
Overfull \hbox (9.01059pt too wide) in paragraph at lines 551--585
 [] 
 []

) [43] (H:\workspace\Diplomarbeit\kapitel7.tex
Kapitel 7.
) [44



] (H:\workspace\Diplomarbeit\kapitel8.tex
Kapitel 8.
) [45



] (H:\workspace\Diplomarbeit\literatur.tex
Underfull \hbox (badness 10000) in paragraph at lines 19--21
[][]\T1/lmr/m/n/12 [KHS10] o.V.: Un-ter-neh-men, In: KHS GmbH, Stand: 2010, URL
:
 []


Underfull \hbox (badness 10000) in paragraph at lines 43--45
[][]\T1/lmr/m/n/12 [Apple10] o.V.: Ap-p-le Spe-ci-al Event, Stand: 20. Ok-to-be
r 2010, URL:
 []


Underfull \hbox (badness 10000) in paragraph at lines 53--55
[][]\T1/lmr/m/n/12 [Heise10] o.V.: Hei-se On-li-ne, Stand: 20.10.2010, URL:
 []


Underfull \hbox (badness 10000) in paragraph at lines 53--55
\T1/lmr/m/n/12 http://www.heise.de/newsticker/meldung/Windows-Phone-7-startet-b
ei-T-Mobile-
 []

[46



]
Underfull \hbox (badness 10000) in paragraph at lines 62--64
[][]\T1/lmr/m/n/12 [ANDEV10] o.V.: An-dro-id De-vel-opers, Stand: 02.11.2010, U
RL:
 []


Underfull \hbox (badness 10000) in paragraph at lines 65--67
[][]\T1/lmr/m/n/12 [Symbian10] o.V.: Sym-bi-an Foun-da-ti-on, Stand: 28.11.2010
, URL:
 []


Overfull \hbox (9.93192pt too wide) in paragraph at lines 65--67
\T1/lmr/m/n/12 http://developer.symbian.org/wiki/Symbian_Foundation_web_sites_t
o_shut_down 
 []

) [47] (H:\workspace\Diplomarbeit\anhang.tex
Anhang A.
[48



]) [49] (H:\workspace\Diplomarbeit\erklaerung.tex
Underfull \hbox (badness 10000) in paragraph at lines 8--9

 []


Underfull \hbox (badness 10000) in paragraph at lines 8--9

 []


Underfull \hbox (badness 10000) in paragraph at lines 20--21

 []


Underfull \hbox (badness 10000) in paragraph at lines 20--21

 []

) [50


]
Package atveryend Info: Empty hook `BeforeClearDocument' on input line 158.
 [51

]
Package atveryend Info: Empty hook `AfterLastShipout' on input line 158.
 (H:\workspace\Diplomarbeit\Diplomarbeit.aux
(H:\workspace\Diplomarbeit\titelblatt.aux)
(H:\workspace\Diplomarbeit\vorwort.aux)
(H:\workspace\Diplomarbeit\abkuerzungsverzeichnis.aux)
(H:\workspace\Diplomarbeit\kapitel1.aux)
(H:\workspace\Diplomarbeit\kapitel2.aux)
(H:\workspace\Diplomarbeit\kapitel3.aux)
(H:\workspace\Diplomarbeit\kapitel4.aux)
(H:\workspace\Diplomarbeit\kapitel5.aux)
(H:\workspace\Diplomarbeit\kapitel6.aux)
(H:\workspace\Diplomarbeit\kapitel7.aux)
(H:\workspace\Diplomarbeit\kapitel8.aux)
(H:\workspace\Diplomarbeit\literatur.aux) (H:\workspace\Diplomarbeit\anhang.aux
) (H:\workspace\Diplomarbeit\erklaerung.aux))
Package atveryend Info: Executing hook `AtVeryEndDocument' on input line 158.
Package rerunfilecheck Info: File `Diplomarbeit.out' has not changed.
(rerunfilecheck)             Checksum: F36A3E333DF8D643CE16BBA2F828F513;2891.
 ) 
Here is how much of TeX's memory you used:
 13913 strings out of 494019
 207599 string characters out of 3144344
 375834 words of memory out of 3000000
 16564 multiletter control sequences out of 15000+200000
 139254 words of font info for 96 fonts, out of 3000000 for 9000
 714 hyphenation exceptions out of 8191
 51i,12n,90p,569b,539s stack positions out of 5000i,500n,10000p,200000b,50000s
{H:/portable apps/miktex-portable/fonts/enc/dvips/lm/lm-mathsy.enc}{H:/portab
le apps/miktex-portable/fonts/enc/dvips/lm/lm-ec.enc}{H:/portable apps/miktex-p
ortable/fonts/enc/dvips/lm/lm-mathit.enc}{H:/portable apps/miktex-portable/font
s/enc/dvips/lm/lm-ts1.enc}<H:/portable apps/miktex-portable/fonts/type1/public/
lm/lmbx12.pfb><H:/portable apps/miktex-portable/fonts/type1/public/lm/lmmi12.pf
b><H:/portable apps/miktex-portable/fonts/type1/public/lm/lmmi8.pfb><H:/portabl
e apps/miktex-portable/fonts/type1/public/lm/lmr10.pfb><H:/portable apps/miktex
-portable/fonts/type1/public/lm/lmr12.pfb><H:/portable apps/miktex-portable/fon
ts/type1/public/lm/lmr17.pfb><H:/portable apps/miktex-portable/fonts/type1/publ
ic/lm/lmr7.pfb><H:/portable apps/miktex-portable/fonts/type1/public/lm/lmr8.pfb
><H:/portable apps/miktex-portable/fonts/type1/public/lm/lmssbx10.pfb><H:/porta
ble apps/miktex-portable/fonts/type1/public/lm/lmsy10.pfb><H:/portable apps/mik
tex-portable/fonts/type1/public/lm/lmtt12.pfb>
Output written on Diplomarbeit.pdf (51 pages, 649914 bytes).
PDF statistics:
 619 PDF objects out of 1000 (max. 8388607)
 170 named destinations out of 1000 (max. 500000)
 18796 words of extra memory for PDF output out of 20736 (max. 10000000)

