\BOOKMARK [0][]{title.0}{Titelseite}{}% 1
\BOOKMARK [0][]{abstract.0}{Zusammenfassung}{}% 2
\BOOKMARK [0][]{vorwort.0}{Vorwort}{}% 3
\BOOKMARK [0][]{tableofcontents.0}{Inhaltsverzeichnis}{}% 4
\BOOKMARK [0][]{chapter.1}{1 Einleitung und Aufgabenstellung}{}% 5
\BOOKMARK [1][-]{section.1.1}{1.1 Zielsetzung und Beschreibung der Aufgabenstellung}{chapter.1}% 6
\BOOKMARK [1][-]{section.1.2}{1.2 Das Unternehmen KHS}{chapter.1}% 7
\BOOKMARK [0][]{chapter.2}{2 Apps f\374r Smartphones}{}% 8
\BOOKMARK [1][-]{section.2.1}{2.1 Handykultur im heutigen Zeitalter}{chapter.2}% 9
\BOOKMARK [1][-]{section.2.2}{2.2 Definition App}{chapter.2}% 10
\BOOKMARK [1][-]{section.2.3}{2.3 Funktionsumfang und Nutzen seitens der KHS}{chapter.2}% 11
\BOOKMARK [0][]{chapter.3}{3 Grundlagen f\374r die folgenden Kapitel}{}% 12
\BOOKMARK [1][-]{section.3.1}{3.1 MDA}{chapter.3}% 13
\BOOKMARK [1][-]{section.3.2}{3.2 ISO/OSI Modell}{chapter.3}% 14
\BOOKMARK [0][]{chapter.4}{4 Systemspezifikation}{}% 15
\BOOKMARK [1][-]{section.4.1}{4.1 Gesch\344ftsvorfall f\374r die umzusetzende App}{chapter.4}% 16
\BOOKMARK [1][-]{section.4.2}{4.2 Anwendung auf die Anforderungsdefinition}{chapter.4}% 17
\BOOKMARK [0][]{chapter.5}{5 Sicherheit in mobilen Netzen}{}% 18
\BOOKMARK [1][-]{section.5.1}{5.1 Sicherheitsprobleme in mobilen LANs und WANs}{chapter.5}% 19
\BOOKMARK [1][-]{section.5.2}{5.2 Denkbare Angriffsformen auf Mobiltelefone in einer Firmeninfrastruktur}{chapter.5}% 20
\BOOKMARK [1][-]{section.5.3}{5.3 Sicherheitsmechanismen}{chapter.5}% 21
\BOOKMARK [1][-]{section.5.4}{5.4 Entscheidung f\374r \334bertragungstechnik}{chapter.5}% 22
\BOOKMARK [0][]{chapter.6}{6 Mobile Betriebssysteme und Entwicklungsvoraussetzungen}{}% 23
\BOOKMARK [1][-]{section.6.1}{6.1 iOS}{chapter.6}% 24
\BOOKMARK [1][-]{section.6.2}{6.2 Android}{chapter.6}% 25
\BOOKMARK [1][-]{section.6.3}{6.3 Windows Phone 7}{chapter.6}% 26
\BOOKMARK [1][-]{section.6.4}{6.4 Symbian}{chapter.6}% 27
\BOOKMARK [1][-]{section.6.5}{6.5 BlackBerry OS}{chapter.6}% 28
\BOOKMARK [1][-]{section.6.6}{6.6 HP webOS}{chapter.6}% 29
\BOOKMARK [1][-]{section.6.7}{6.7 WebApp}{chapter.6}% 30
\BOOKMARK [1][-]{section.6.8}{6.8 Cross-Platform Development Tools}{chapter.6}% 31
\BOOKMARK [0][]{chapter.7}{7 Implementierung und Test}{}% 32
\BOOKMARK [1][-]{section.7.1}{7.1 Wahl des Betriebssystems}{chapter.7}% 33
\BOOKMARK [1][-]{section.7.2}{7.2 Codegenerierung}{chapter.7}% 34
\BOOKMARK [1][-]{section.7.3}{7.3 Tests White/Blackbox?}{chapter.7}% 35
\BOOKMARK [0][]{chapter.8}{8 Zusammenfassung und Ausblick}{}% 36
\BOOKMARK [0][]{appendix*.10}{Literaturverzeichnis}{}% 37
\BOOKMARK [0][]{appendix.A}{A Anhang}{}% 38
\BOOKMARK [1][-]{section.A.1}{A.1 Jailbreak}{appendix.A}% 39
\BOOKMARK [1][-]{section.A.2}{A.2 Hackint0sh}{appendix.A}% 40
\BOOKMARK [1][-]{section.A.3}{A.3 Model-View-Controller-Prinzip}{appendix.A}% 41
